[03-09-2020] [12:33:00 PM] => App Launched
[07-09-2020] [03:19:53 PM] => App Launched
[07-09-2020] [03:19:55 PM] => Exception[ Error resolving onAction='#goToAzkar', either the event handler is not in the Namespace or there is an error in the script.
/D:/Work/Coding/GitHub/AbdelrahmanBayoumi/Azkar-App/Azkar/target/classes/com/bayoumi/fxml/home/home.fxml:141
 ] in => com.bayoumi.main.Launcher.init() => Error resolving onAction='#goToAzkar', either the event handler is not in the Namespace or there is an error in the script.
/D:/Work/Coding/GitHub/AbdelrahmanBayoumi/Azkar-App/Azkar/target/classes/com/bayoumi/fxml/home/home.fxml:141

[07-09-2020] [03:19:55 PM] => App closed - Used for 2190 ms

[07-09-2020] [03:20:27 PM] => App Launched
[07-09-2020] [03:25:10 PM] => App Launched
[07-09-2020] [03:25:31 PM] => App closed - Used for 20912 ms

[07-09-2020] [03:25:54 PM] => App Launched
[07-09-2020] [03:26:17 PM] => App Launched
[07-09-2020] [03:27:09 PM] => App closed - Used for 52231 ms

[07-09-2020] [03:29:07 PM] => App Launched
[07-09-2020] [03:29:09 PM] => Exception[ 
/D:/Work/Coding/GitHub/AbdelrahmanBayoumi/Azkar-App/Azkar/target/classes/com/bayoumi/fxml/home/home.fxml:16
 ] in => com.bayoumi.main.Launcher.init() => 
/D:/Work/Coding/GitHub/AbdelrahmanBayoumi/Azkar-App/Azkar/target/classes/com/bayoumi/fxml/home/home.fxml:16

[07-09-2020] [03:29:09 PM] => App closed - Used for 1977 ms

[07-09-2020] [03:30:27 PM] => App Launched
[07-09-2020] [03:30:28 PM] => Exception[ 
/D:/Work/Coding/GitHub/AbdelrahmanBayoumi/Azkar-App/Azkar/target/classes/com/bayoumi/fxml/home/home.fxml:16
 ] in => com.bayoumi.main.Launcher.init() => 
/D:/Work/Coding/GitHub/AbdelrahmanBayoumi/Azkar-App/Azkar/target/classes/com/bayoumi/fxml/home/home.fxml:16

[07-09-2020] [03:30:28 PM] => App closed - Used for 1097 ms

[07-09-2020] [03:32:49 PM] => App Launched
[07-09-2020] [03:33:47 PM] => App Launched
[07-09-2020] [03:34:04 PM] => App Launched
[07-09-2020] [03:34:06 PM] => Exception[ 
/D:/Work/Coding/GitHub/AbdelrahmanBayoumi/Azkar-App/Azkar/target/classes/com/bayoumi/fxml/home/home.fxml:16
 ] in => com.bayoumi.main.Launcher.init() => 
/D:/Work/Coding/GitHub/AbdelrahmanBayoumi/Azkar-App/Azkar/target/classes/com/bayoumi/fxml/home/home.fxml:16

[07-09-2020] [03:34:06 PM] => App closed - Used for 1661 ms

[07-09-2020] [03:34:13 PM] => App Launched
[19-09-2020] [04:38:09 PM] => App Launched
[20-09-2020] [02:13:56 PM] => App Launched
[20-09-2020] [02:14:06 PM] => App closed - Used for 10747 ms

[20-09-2020] [02:16:02 PM] => App Launched
[20-09-2020] [02:16:52 PM] => App Launched
[20-09-2020] [02:17:02 PM] => App closed - Used for 10173 ms

[20-09-2020] [02:17:26 PM] => App Launched
[20-09-2020] [02:18:12 PM] => App Launched
[20-09-2020] [02:19:52 PM] => App Launched
[20-09-2020] [02:21:09 PM] => App Launched
[20-09-2020] [02:21:21 PM] => App closed - Used for 11295 ms

